# JRE version: Java(TM) SE Runtime Environment 18.9 (11.0.11+9) (build 11.0.11+9-LTS-194)
# Java VM: Java HotSpot(TM) 64-Bit Server VM 18.9 (11.0.11+9-LTS-194, mixed mode, tiered, compressed oops, g1 gc, windows-amd64)
Heap:
 garbage-first heap   total 262144K, used 25496K [0x00000000e0000000, 0x0000000100000000)
  region size 1024K, 10 young (10240K), 10 survivors (10240K)
 Metaspace       used 41418K, capacity 42354K, committed 42492K, reserved 299008K
  class space    used 5317K, capacity 5683K, committed 5760K, reserved 253952K
GC Heap History (10 events):
Event: 2.483 GC heap before
{Heap before GC invocations=2 (full 0):
 garbage-first heap   total 262144K, used 35638K [0x00000000e0000000, 0x0000000100000000)
  region size 1024K, 28 young (28672K), 1 survivors (1024K)
 Metaspace       used 10678K, capacity 10901K, committed 11264K, reserved 264192K
  class space    used 1104K, capacity 1164K, committed 1280K, reserved 253952K
}
Event: 2.490 GC heap after
{Heap after GC invocations=3 (full 0):
 garbage-first heap   total 262144K, used 12985K [0x00000000e0000000, 0x0000000100000000)
  region size 1024K, 4 young (4096K), 4 survivors (4096K)
 Metaspace       used 10678K, capacity 10901K, committed 11264K, reserved 264192K
  class space    used 1104K, capacity 1164K, committed 1280K, reserved 253952K
}
Event: 4.623 GC heap before
{Heap before GC invocations=3 (full 0):
 garbage-first heap   total 262144K, used 52921K [0x00000000e0000000, 0x0000000100000000)
  region size 1024K, 43 young (44032K), 4 survivors (4096K)
 Metaspace       used 18201K, capacity 18605K, committed 18688K, reserved 270336K
  class space    used 2162K, capacity 2296K, committed 2304K, reserved 253952K
}
Event: 4.635 GC heap after
{Heap after GC invocations=4 (full 0):
 garbage-first heap   total 262144K, used 16271K [0x00000000e0000000, 0x0000000100000000)
  region size 1024K, 4 young (4096K), 4 survivors (4096K)
 Metaspace       used 18201K, capacity 18605K, committed 18688K, reserved 270336K
  class space    used 2162K, capacity 2296K, committed 2304K, reserved 253952K
}
Event: 5.051 GC heap before
{Heap before GC invocations=4 (full 0):
 garbage-first heap   total 262144K, used 33679K [0x00000000e0000000, 0x0000000100000000)
  region size 1024K, 22 young (22528K), 4 survivors (4096K)
 Metaspace       used 20621K, capacity 21167K, committed 21296K, reserved 274432K
  class space    used 2512K, capacity 2688K, committed 2688K, reserved 253952K
}
Event: 5.063 GC heap after
{Heap after GC invocations=5 (full 0):
 garbage-first heap   total 262144K, used 16783K [0x00000000e0000000, 0x0000000100000000)
  region size 1024K, 4 young (4096K), 4 survivors (4096K)
 Metaspace       used 20621K, capacity 21167K, committed 21296K, reserved 274432K
  class space    used 2512K, capacity 2688K, committed 2688K, reserved 253952K
}
Event: 6.475 GC heap before
{Heap before GC invocations=6 (full 0):
 garbage-first heap   total 262144K, used 76175K [0x00000000e0000000, 0x0000000100000000)
  region size 1024K, 62 young (63488K), 4 survivors (4096K)
 Metaspace       used 26566K, capacity 27204K, committed 27440K, reserved 278528K
  class space    used 3499K, capacity 3706K, committed 3712K, reserved 253952K
}
Event: 6.489 GC heap after
{Heap after GC invocations=7 (full 0):
 garbage-first heap   total 262144K, used 18731K [0x00000000e0000000, 0x0000000100000000)
  region size 1024K, 6 young (6144K), 6 survivors (6144K)
 Metaspace       used 26566K, capacity 27204K, committed 27440K, reserved 278528K
  class space    used 3499K, capacity 3706K, committed 3712K, reserved 253952K
}
Event: 7.834 GC heap before
{Heap before GC invocations=7 (full 0):
 garbage-first heap   total 262144K, used 63787K [0x00000000e0000000, 0x0000000100000000)
  region size 1024K, 52 young (53248K), 6 survivors (6144K)
 Metaspace       used 34963K, capacity 35653K, committed 35708K, reserved 286720K
  class space    used 4570K, capacity 4861K, committed 4864K, reserved 253952K
}
Event: 7.853 GC heap after
{Heap after GC invocations=8 (full 0):
 garbage-first heap   total 262144K, used 22125K [0x00000000e0000000, 0x0000000100000000)
  region size 1024K, 9 young (9216K), 9 survivors (9216K)
 Metaspace       used 34963K, capacity 35653K, committed 35708K, reserved 286720K
  class space    used 4570K, capacity 4861K, committed 4864K, reserved 253952K
}

