# JRE version: Java(TM) SE Runtime Environment 18.9 (11.0.11+9) (build 11.0.11+9-LTS-194)
# Java VM: Java HotSpot(TM) 64-Bit Server VM 18.9 (11.0.11+9-LTS-194, mixed mode, tiered, compressed oops, g1 gc, windows-amd64)
Heap:
 garbage-first heap   total 262144K, used 106192K [0x00000000e0000000, 0x0000000100000000)
  region size 1024K, 79 young (80896K), 14 survivors (14336K)
 Metaspace       used 70217K, capacity 72739K, committed 72912K, reserved 317440K
  class space    used 8976K, capacity 9908K, committed 9984K, reserved 253952K
GC Heap History (10 events):
Event: 7.198 GC heap before
{Heap before GC invocations=6 (full 0):
 garbage-first heap   total 262144K, used 66406K [0x00000000e0000000, 0x0000000100000000)
  region size 1024K, 53 young (54272K), 4 survivors (4096K)
 Metaspace       used 25858K, capacity 26401K, committed 26752K, reserved 278528K
  class space    used 3378K, capacity 3586K, committed 3712K, reserved 253952K
}
Event: 7.211 GC heap after
{Heap after GC invocations=7 (full 0):
 garbage-first heap   total 262144K, used 18339K [0x00000000e0000000, 0x0000000100000000)
  region size 1024K, 3 young (3072K), 3 survivors (3072K)
 Metaspace       used 25858K, capacity 26401K, committed 26752K, reserved 278528K
  class space    used 3378K, capacity 3586K, committed 3712K, reserved 253952K
}
Event: 9.455 GC heap before
{Heap before GC invocations=7 (full 0):
 garbage-first heap   total 262144K, used 74659K [0x00000000e0000000, 0x0000000100000000)
  region size 1024K, 60 young (61440K), 3 survivors (3072K)
 Metaspace       used 35174K, capacity 35912K, committed 36048K, reserved 286720K
  class space    used 4592K, capacity 4862K, committed 4864K, reserved 253952K
}
Event: 9.476 GC heap after
{Heap after GC invocations=8 (full 0):
 garbage-first heap   total 262144K, used 21569K [0x00000000e0000000, 0x0000000100000000)
  region size 1024K, 6 young (6144K), 6 survivors (6144K)
 Metaspace       used 35174K, capacity 35912K, committed 36048K, reserved 286720K
  class space    used 4592K, capacity 4862K, committed 4864K, reserved 253952K
}
Event: 11.547 GC heap before
{Heap before GC invocations=9 (full 0):
 garbage-first heap   total 262144K, used 113729K [0x00000000e0000000, 0x0000000100000000)
  region size 1024K, 93 young (95232K), 6 survivors (6144K)
 Metaspace       used 44641K, capacity 45604K, committed 45904K, reserved 294912K
  class space    used 5775K, capacity 6148K, committed 6272K, reserved 253952K
}
Event: 11.580 GC heap after
{Heap after GC invocations=10 (full 0):
 garbage-first heap   total 262144K, used 26941K [0x00000000e0000000, 0x0000000100000000)
  region size 1024K, 12 young (12288K), 12 survivors (12288K)
 Metaspace       used 44641K, capacity 45604K, committed 45904K, reserved 294912K
  class space    used 5775K, capacity 6148K, committed 6272K, reserved 253952K
}
Event: 14.252 GC heap before
{Heap before GC invocations=10 (full 0):
 garbage-first heap   total 262144K, used 119101K [0x00000000e0000000, 0x0000000100000000)
  region size 1024K, 104 young (106496K), 12 survivors (12288K)
 Metaspace       used 58731K, capacity 60177K, committed 60240K, reserved 307200K
  class space    used 7739K, capacity 8312K, committed 8320K, reserved 253952K
}
Event: 14.311 GC heap after
{Heap after GC invocations=11 (full 0):
 garbage-first heap   total 262144K, used 35522K [0x00000000e0000000, 0x0000000100000000)
  region size 1024K, 14 young (14336K), 14 survivors (14336K)
 Metaspace       used 58731K, capacity 60177K, committed 60240K, reserved 307200K
  class space    used 7739K, capacity 8312K, committed 8320K, reserved 253952K
}
Event: 344.218 GC heap before
{Heap before GC invocations=12 (full 0):
 garbage-first heap   total 262144K, used 176834K [0x00000000e0000000, 0x0000000100000000)
  region size 1024K, 153 young (156672K), 14 survivors (14336K)
 Metaspace       used 68184K, capacity 70393K, committed 70608K, reserved 315392K
  class space    used 8815K, capacity 9605K, committed 9728K, reserved 253952K
}
Event: 344.330 GC heap after
{Heap after GC invocations=13 (full 0):
 garbage-first heap   total 262144K, used 40656K [0x00000000e0000000, 0x0000000100000000)
  region size 1024K, 14 young (14336K), 14 survivors (14336K)
 Metaspace       used 68184K, capacity 70393K, committed 70608K, reserved 315392K
  class space    used 8815K, capacity 9605K, committed 9728K, reserved 253952K
}

